12-04-2018 02:13:34 576 => array (31)
(
  |  ['id'] = string(2) "41"
  |  ['name'] = string(3) "tmp"
  |  ['typeTraffic'] = string(3) "web"
  |  ['clicks'] = string(3) "999"
  |  ['theme'] = string(6) "Другое"
  |  ['url_Redirect'] = string(0) ""
  |  ['url_Frame'] = string(0) ""
  |  ['img_Banner'] = string(0) ""
  |  ['url_Banner'] = string(21) "http://www.mytoys.ru/"
  |  ['img_Adspot'] = string(0) ""
  |  ['url_Adspot'] = string(0) ""
  |  ['img_Catfish'] = string(0) ""
  |  ['url_Catfish'] = string(0) ""
  |  ['url_ClickUnder'] = string(0) ""
  |  ['img_Popunder'] = string(0) ""
  |  ['url_Popunder'] = string(0) ""
  |  ['img_Richmedia'] = string(0) ""
  |  ['url_Richmedia'] = string(0) ""
  |  ['img_Topline'] = string(0) ""
  |  ['url_Topline'] = string(0) ""
  |  ['img_VKMessage'] = string(0) ""
  |  ['url_VKMessage'] = string(0) ""
  |  ['url_Fullscreen'] = string(0) ""
  |  ['img_Fullscreen'] = string(0) ""
  |  ['url_Fullvideo'] = string(0) ""
  |  ['img_Fullvideo'] = string(0) ""
  |  ['trackerId'] = string(0) ""
  |  ['ipFilterWhite'] = string(0) ""
  |  ['convertFormat'] = string(1) "N"
  |  ['used'] = string(1) "0"
  |  ['timestamp'] = string(19) "2018-03-28 23:25:24"
)


