09-04-2018 08:57:45 $ = string(55) "{"token":"1523383065.321a8e5444e183287941afef36daa040"}"


09-04-2018 08:57:45 $ [object]
(
  |  token = string(43) "1523383065.321a8e5444e183287941afef36daa040"
)


09-04-2018 08:58:54 $ = string(55) "{"token":"1523383134.35e4b1d17e6c850a3f64692688f073fc"}"


09-04-2018 08:58:54 $ [object]
(
  |  token = string(43) "1523383134.35e4b1d17e6c850a3f64692688f073fc"
)


09-04-2018 08:59:08 $ = string(55) "{"token":"1523383148.562018a02d848f45c8e4a84090616371"}"


09-04-2018 08:59:08 $ [object]
(
  |  token = string(43) "1523383148.562018a02d848f45c8e4a84090616371"
)


09-04-2018 09:01:00 $ = string(55) "{"token":"1523383260.c7ecb3c2af58ee9ec0bad45fe4816fe1"}"


09-04-2018 09:01:00 $ [object]
(
  |  token = string(43) "1523383260.c7ecb3c2af58ee9ec0bad45fe4816fe1"
)


09-04-2018 09:01:35 $ = string(55) "{"token":"1523383295.e97a141a1f7f62fedc5974cbbfe120ae"}"


09-04-2018 09:01:35 $ [object]
(
  |  token = string(43) "1523383295.e97a141a1f7f62fedc5974cbbfe120ae"
)


09-04-2018 09:01:44 $ = string(55) "{"token":"1523383304.44c18fcb7a4740dd8ca7fe9a1b718547"}"


09-04-2018 09:01:44 $ [object]
(
  |  token = string(43) "1523383304.44c18fcb7a4740dd8ca7fe9a1b718547"
)


09-04-2018 09:01:48 $ = string(55) "{"token":"1523383308.d7421d8c687bd652e09392350bf5288b"}"


09-04-2018 09:01:48 $ [object]
(
  |  token = string(43) "1523383308.d7421d8c687bd652e09392350bf5288b"
)


09-04-2018 09:03:36 $ = string(55) "{"token":"1523383416.f41479b674c36cbea5a00eb064612134"}"


09-04-2018 09:03:36 $ [object]
(
  |  token = string(43) "1523383416.f41479b674c36cbea5a00eb064612134"
)


09-04-2018 09:04:26 $ = string(55) "{"token":"1523383466.0a4833e7e9af917e66b363bf0ad943b8"}"


09-04-2018 09:04:26 $ [object]
(
  |  token = string(43) "1523383466.0a4833e7e9af917e66b363bf0ad943b8"
)


09-04-2018 09:04:36 $ = string(55) "{"token":"1523383476.655f00f691af0136916bf8783d3ab569"}"


09-04-2018 09:04:36 $ [object]
(
  |  token = string(43) "1523383476.655f00f691af0136916bf8783d3ab569"
)


09-04-2018 09:04:52 $ = string(55) "{"token":"1523383492.9bcbb55da8dff08e87a34b75ff995d0b"}"


09-04-2018 09:04:52 $ [object]
(
  |  token = string(43) "1523383492.9bcbb55da8dff08e87a34b75ff995d0b"
)


09-04-2018 09:05:47 $ = string(55) "{"token":"1523383547.ccfceb9b09b653fe32d3cf54b1ab05ea"}"


09-04-2018 09:05:47 $ [object]
(
  |  token = string(43) "1523383547.ccfceb9b09b653fe32d3cf54b1ab05ea"
)


09-04-2018 09:06:18 $ = string(55) "{"token":"1523383577.41bb71ba82cd944e1cd563734bdffa1f"}"


09-04-2018 09:06:18 $ [object]
(
  |  token = string(43) "1523383577.41bb71ba82cd944e1cd563734bdffa1f"
)


09-04-2018 09:06:49 $ = string(55) "{"token":"1523383609.deb130b1dbb7650a39af6647fd75a24f"}"


09-04-2018 09:06:49 $ [object]
(
  |  token = string(43) "1523383609.deb130b1dbb7650a39af6647fd75a24f"
)


09-04-2018 09:49:04 $ = string(55) "{"token":"1523386144.ed7d7cc881801f3faef5fb5c01551531"}"


09-04-2018 09:49:04 $ [object]
(
  |  token = string(43) "1523386144.ed7d7cc881801f3faef5fb5c01551531"
)


09-04-2018 09:54:09 $ = string(55) "{"token":"1523386449.250ccb1ede96292ab50f71b2ba1bfac6"}"


09-04-2018 09:54:09 $ [object]
(
  |  token = string(43) "1523386449.250ccb1ede96292ab50f71b2ba1bfac6"
)


09-04-2018 09:54:35 $ = string(55) "{"token":"1523386475.7b7401745f7066a0728c6b3e23015174"}"


09-04-2018 09:54:35 $ [object]
(
  |  token = string(43) "1523386475.7b7401745f7066a0728c6b3e23015174"
)


09-04-2018 09:54:46 $ = string(55) "{"token":"1523386486.ab686c3d8d864cda243fd802a3c76e1e"}"


09-04-2018 09:54:46 $ [object]
(
  |  token = string(43) "1523386486.ab686c3d8d864cda243fd802a3c76e1e"
)


09-04-2018 09:55:12 $ = string(55) "{"token":"1523386512.e9d469bd0aa29357eed4863517494efc"}"


09-04-2018 09:55:12 $ [object]
(
  |  token = string(43) "1523386512.e9d469bd0aa29357eed4863517494efc"
)


09-04-2018 09:55:18 $ = string(55) "{"token":"1523386518.c482ca41f3f6e214762f59394e054abb"}"


09-04-2018 09:55:18 $ [object]
(
  |  token = string(43) "1523386518.c482ca41f3f6e214762f59394e054abb"
)


09-04-2018 09:57:47 $ = string(55) "{"token":"1523386667.8c724ab39971abdf13becd17dec5b600"}"


09-04-2018 09:57:47 $ [object]
(
  |  token = string(43) "1523386667.8c724ab39971abdf13becd17dec5b600"
)


09-04-2018 10:00:27 $ = string(55) "{"token":"1523386827.aabd1782f28ad7024fe9949c8c90dff2"}"


09-04-2018 10:00:27 $ [object]
(
  |  token = string(43) "1523386827.aabd1782f28ad7024fe9949c8c90dff2"
)


09-04-2018 10:08:46 $ = string(55) "{"token":"1523387326.099f76b203a870f8402931ce80b6679e"}"


09-04-2018 10:08:46 $ [object]
(
  |  token = string(43) "1523387326.099f76b203a870f8402931ce80b6679e"
)


09-04-2018 10:16:36 $ = string(55) "{"token":"1523387796.b7fdf71f3255c8cad63fd557dc3f43c3"}"


09-04-2018 10:16:36 $ [object]
(
  |  token = string(43) "1523387796.b7fdf71f3255c8cad63fd557dc3f43c3"
)


09-04-2018 10:17:32 $ = string(55) "{"token":"1523387852.6cba2897318a88de40d9adf14f816cb2"}"


09-04-2018 10:17:32 $ [object]
(
  |  token = string(43) "1523387852.6cba2897318a88de40d9adf14f816cb2"
)


09-04-2018 10:17:48 $ = string(55) "{"token":"1523387868.d8e85034f388d6f32ee55fad4cc9bfd4"}"


09-04-2018 10:17:48 $ [object]
(
  |  token = string(43) "1523387868.d8e85034f388d6f32ee55fad4cc9bfd4"
)


09-04-2018 10:19:04 $ = string(55) "{"token":"1523387944.d3ab7442dcd4aade1250ea2d768c4d78"}"


09-04-2018 10:19:04 $ [object]
(
  |  token = string(43) "1523387944.d3ab7442dcd4aade1250ea2d768c4d78"
)


09-04-2018 10:32:34 $ = string(55) "{"token":"1523388754.65cf80a92022266c3146b50b08c0baab"}"


09-04-2018 10:32:34 $ [object]
(
  |  token = string(43) "1523388754.65cf80a92022266c3146b50b08c0baab"
)


09-04-2018 10:32:57 $ = string(55) "{"token":"1523388777.e6e24319704e5511a5987afabf727d5f"}"


09-04-2018 10:32:57 $ [object]
(
  |  token = string(43) "1523388777.e6e24319704e5511a5987afabf727d5f"
)


09-04-2018 10:33:17 $ = string(55) "{"token":"1523388797.3021b728eb641ffebf08aa16b039e870"}"


09-04-2018 10:33:17 $ [object]
(
  |  token = string(43) "1523388797.3021b728eb641ffebf08aa16b039e870"
)


09-04-2018 10:33:34 $ = string(55) "{"token":"1523388814.9118d7feb9793e6b64313bda84e26a47"}"


09-04-2018 10:33:34 $ [object]
(
  |  token = string(43) "1523388814.9118d7feb9793e6b64313bda84e26a47"
)


09-04-2018 10:35:08 $ = string(55) "{"token":"1523388908.e25e6b216707522ac7e29249be59757d"}"


09-04-2018 10:35:08 $ [object]
(
  |  token = string(43) "1523388908.e25e6b216707522ac7e29249be59757d"
)


